<?xml version="1.0" encoding="UTF-8"?>
<!-- Generated by org.testng.reporters.JUnitReportReporter -->
<testsuite hostname="LAPTOP-F42TVO3M" failures="0" tests="3" name="dataProvider.dataProvider.excel" time="0.028" errors="0" timestamp="2022-07-12T13:00:00 IST" skipped="0">
  <testcase classname="dataProvider.dataProvider.excel" name="test" time="0.004"/>
  <system-out/>
  <testcase classname="dataProvider.dataProvider.excel" name="test" time="0.005"/>
  <system-out/>
  <testcase classname="dataProvider.dataProvider.excel" name="test" time="0.019"/>
  <system-out/>
</testsuite> <!-- dataProvider.dataProvider.excel -->
