<?xml version="1.0" encoding="UTF-8"?>
<!-- Generated by org.testng.reporters.JUnitReportReporter -->
<testsuite hostname="LAPTOP-F42TVO3M" failures="0" tests="1" name="dataProvider.dataProvider.testExcel" time="1.022" errors="0" timestamp="2022-07-12T12:54:08 IST" skipped="0">
  <testcase classname="dataProvider.dataProvider.testExcel" name="getData" time="1.022"/>
  <system-out/>
</testsuite> <!-- dataProvider.dataProvider.testExcel -->
