<?xml version="1.0" encoding="UTF-8"?>
<!-- Generated by org.testng.reporters.JUnitReportReporter -->
<testsuite hostname="LAPTOP-F42TVO3M" failures="0" tests="1" name="dataProvider.dataProvider.Stream" time="0.036" errors="0" timestamp="2022-07-12T15:59:06 IST" skipped="0">
  <testcase classname="dataProvider.dataProvider.Stream" name="stramMap" time="0.036"/>
  <system-out/>
</testsuite> <!-- dataProvider.dataProvider.Stream -->
